2022-05-26 15:43:45 error: [POST] /api/v1/auth/login >> StatusCode:: 500, Message:: relation "users" does not exist
2022-05-26 15:43:46 error: [POST] /api/v1/auth/login >> StatusCode:: 500, Message:: relation "users" does not exist
2022-05-26 16:51:08 error: [POST] /api/v1/auth/login >> StatusCode:: 500, Message:: relation "users" does not exist
2022-05-26 16:52:39 error: [POST] /api/v1/auth/login >> StatusCode:: 500, Message:: relation "users" does not exist
2022-05-26 16:52:47 error: [POST] /api/v1/auth/login >> StatusCode:: 500, Message:: relation "users" does not exist
2022-05-26 16:52:55 error: [POST] /api/v1/auth/login >> StatusCode:: 500, Message:: relation "users" does not exist
2022-05-26 16:53:30 error: [POST] /api/v1/auth/login >> StatusCode:: 500, Message:: relation "users" does not exist
2022-05-26 16:57:09 error: [POST] /api/v1/auth/login >> StatusCode:: 500, Message:: relation "users" does not exist
2022-05-26 16:57:42 error: [POST] /api/v1/auth/login >> StatusCode:: 500, Message:: relation "users" does not exist
2022-05-26 16:58:12 error: [POST] /api/v1/auth/login >> StatusCode:: 500, Message:: relation "users" does not exist
2022-05-26 16:58:46 error: [POST] /api/v1/auth/login >> StatusCode:: 500, Message:: relation "users" does not exist
2022-05-26 16:59:07 error: [POST] /api/v1/auth/login >> StatusCode:: 500, Message:: relation "users" does not exist
2022-05-26 16:59:43 error: [POST] /api/v1/auth/login >> StatusCode:: 500, Message:: relation "users" does not exist
2022-05-26 17:01:21 error: [POST] /api/v1/auth/login >> StatusCode:: 500, Message:: relation "users" does not exist
2022-05-26 17:01:45 error: [POST] /api/v1/auth/login >> StatusCode:: 500, Message:: relation "users" does not exist
2022-05-26 17:01:46 error: [GET] /api/v1/products >> StatusCode:: 500, Message:: relation "products" does not exist
2022-05-26 17:01:47 error: [POST] /api/v1/products >> StatusCode:: 500, Message:: notNull Violation: Product.quantity cannot be null
2022-05-26 17:01:47 error: [POST] /api/v1/products >> StatusCode:: 500, Message:: notNull Violation: Product.quantity cannot be null
2022-05-26 17:01:47 error: [PUT] /api/v1/products/1 >> StatusCode:: 500, Message:: relation "products" does not exist
2022-05-26 17:01:47 error: [PUT] /api/v1/products/1 >> StatusCode:: 500, Message:: relation "products" does not exist
2022-05-26 17:01:47 error: [DELETE] /api/v1/products/1 >> StatusCode:: 500, Message:: relation "products" does not exist
2022-05-26 17:01:47 error: [DELETE] /api/v1/products/1 >> StatusCode:: 500, Message:: relation "products" does not exist
