2022-05-26 15:43:42 info: [0mGET /api/v1/ [32m200[0m 13.125 ms - 251[0m
2022-05-26 15:43:42 info: [0mGET /api/v1/ [32m200[0m 3.655 ms - 251[0m
2022-05-26 15:43:42 info: [0mGET /api/v1/ [32m200[0m 0.776 ms - 251[0m
2022-05-26 15:43:42 info: 🚀 Database connected
2022-05-26 15:43:43 info: 🚀 Database connected
2022-05-26 15:43:43 info: 🚀 Database connected
2022-05-26 15:43:44 info: [0mPOST /api/v1/auth/signup [33m404[0m 132.149 ms - 158[0m
2022-05-26 15:43:45 info: [0mPOST /api/v1/auth/signup [33m404[0m 51.713 ms - 158[0m
2022-05-26 15:43:45 info: 🚀 Database connected
2022-05-26 15:43:45 info: 🚀 Database connected
2022-05-26 15:43:45 error: [POST] /api/v1/auth/login >> StatusCode:: 500, Message:: relation "users" does not exist
2022-05-26 15:43:45 info: [0mPOST /api/v1/auth/login [31m500[0m 700.615 ms - 47[0m
2022-05-26 15:43:46 error: [POST] /api/v1/auth/login >> StatusCode:: 500, Message:: relation "users" does not exist
2022-05-26 15:43:46 info: [0mPOST /api/v1/auth/login [31m500[0m 613.137 ms - 47[0m
2022-05-26 15:43:46 info: 🚀 Database connected
2022-05-26 15:43:46 info: 🚀 Database connected
2022-05-26 15:43:48 info: [0mGET /api/v1/ [32m200[0m 27.745 ms - 251[0m
2022-05-26 15:43:48 info: [0mGET /api/v1/ [32m200[0m 1.121 ms - 251[0m
2022-05-26 15:43:48 info: 🚀 Database connected
2022-05-26 15:43:48 info: [0mGET /api/v1/ [32m200[0m 0.991 ms - 251[0m
2022-05-26 15:43:48 info: 🚀 Database connected
2022-05-26 15:43:48 info: 🚀 Database connected
2022-05-26 16:51:07 info: [0mPOST /api/v1/auth/signup [33m404[0m 34.725 ms - 158[0m
2022-05-26 16:51:08 error: [POST] /api/v1/auth/login >> StatusCode:: 500, Message:: relation "users" does not exist
2022-05-26 16:51:08 info: [0mPOST /api/v1/auth/login [31m500[0m 220.196 ms - 47[0m
2022-05-26 16:51:08 info: 🚀 Database connected
2022-05-26 16:51:08 info: 🚀 Database connected
2022-05-26 16:51:09 info: [0mGET /api/v1/ [32m200[0m 11.420 ms - 251[0m
2022-05-26 16:51:09 info: [0mGET /api/v1/ [32m200[0m 0.939 ms - 251[0m
2022-05-26 16:51:09 info: 🚀 Database connected
2022-05-26 16:51:09 info: [0mGET /api/v1/ [32m200[0m 1.336 ms - 251[0m
2022-05-26 16:51:09 info: 🚀 Database connected
2022-05-26 16:51:09 info: 🚀 Database connected
2022-05-26 16:51:11 info: [0mGET /api/v1/products [33m404[0m 11.398 ms - 154[0m
2022-05-26 16:51:11 info: [0mGET /api/v1/products/1 [33m404[0m 5.588 ms - 156[0m
2022-05-26 16:51:11 info: 🚀 Database connected
2022-05-26 16:51:11 info: [0mPOST /api/v1/products [33m404[0m 16.759 ms - 155[0m
2022-05-26 16:51:11 info: 🚀 Database connected
2022-05-26 16:51:11 info: 🚀 Database connected
2022-05-26 16:51:11 info: 🚀 Database connected
2022-05-26 16:51:11 info: [0mPOST /api/v1/products [33m404[0m 5.748 ms - 155[0m
2022-05-26 16:51:11 info: 🚀 Database connected
2022-05-26 16:51:11 info: [0mPUT /api/v1/products/1 [33m404[0m 7.967 ms - 156[0m
2022-05-26 16:51:11 info: 🚀 Database connected
2022-05-26 16:51:11 info: [0mPUT /api/v1/products/1 [33m404[0m 6.216 ms - 156[0m
2022-05-26 16:51:11 info: 🚀 Database connected
2022-05-26 16:51:11 info: [0mDELETE /api/v1/products/1 [33m404[0m 4.158 ms - 159[0m
2022-05-26 16:51:11 info: 🚀 Database connected
2022-05-26 16:51:11 info: [0mDELETE /api/v1/products/1 [33m404[0m 3.909 ms - 159[0m
2022-05-26 16:52:39 info: [0mGET /api/v1/products [33m404[0m 9.302 ms - 154[0m
2022-05-26 16:52:39 info: [0mPOST /api/v1/auth/signup [33m404[0m 30.937 ms - 158[0m
2022-05-26 16:52:39 info: [0mGET /api/v1/products/1 [33m404[0m 1.673 ms - 156[0m
2022-05-26 16:52:39 info: 🚀 Database connected
2022-05-26 16:52:39 info: [0mPOST /api/v1/products [33m404[0m 28.527 ms - 155[0m
2022-05-26 16:52:39 info: 🚀 Database connected
2022-05-26 16:52:39 info: 🚀 Database connected
2022-05-26 16:52:39 info: 🚀 Database connected
2022-05-26 16:52:39 error: [POST] /api/v1/auth/login >> StatusCode:: 500, Message:: relation "users" does not exist
2022-05-26 16:52:39 info: [0mPOST /api/v1/auth/login [31m500[0m 321.814 ms - 47[0m
2022-05-26 16:52:39 info: 🚀 Database connected
2022-05-26 16:52:40 info: 🚀 Database connected
2022-05-26 16:52:40 info: [0mPOST /api/v1/products [33m404[0m 10.601 ms - 155[0m
2022-05-26 16:52:40 info: 🚀 Database connected
2022-05-26 16:52:40 info: [0mPUT /api/v1/products/1 [33m404[0m 1.294 ms - 156[0m
2022-05-26 16:52:40 info: 🚀 Database connected
2022-05-26 16:52:40 info: [0mPUT /api/v1/products/1 [33m404[0m 1.065 ms - 156[0m
2022-05-26 16:52:40 info: 🚀 Database connected
2022-05-26 16:52:40 info: [0mDELETE /api/v1/products/1 [33m404[0m 0.834 ms - 159[0m
2022-05-26 16:52:40 info: 🚀 Database connected
2022-05-26 16:52:40 info: [0mDELETE /api/v1/products/1 [33m404[0m 1.140 ms - 159[0m
2022-05-26 16:52:47 info: [0mPOST /api/v1/auth/signup [33m404[0m 21.562 ms - 158[0m
2022-05-26 16:52:47 info: 🚀 Database connected
2022-05-26 16:52:47 info: 🚀 Database connected
2022-05-26 16:52:47 error: [POST] /api/v1/auth/login >> StatusCode:: 500, Message:: relation "users" does not exist
2022-05-26 16:52:47 info: [0mPOST /api/v1/auth/login [31m500[0m 370.879 ms - 47[0m
2022-05-26 16:52:53 info: [0mGET /api/v1/products [33m404[0m 11.659 ms - 154[0m
2022-05-26 16:52:53 info: [0mGET /api/v1/products/1 [33m404[0m 7.296 ms - 156[0m
2022-05-26 16:52:53 info: 🚀 Database connected
2022-05-26 16:52:53 info: [0mPOST /api/v1/products [33m404[0m 22.251 ms - 155[0m
2022-05-26 16:52:53 info: 🚀 Database connected
2022-05-26 16:52:53 info: 🚀 Database connected
2022-05-26 16:52:53 info: 🚀 Database connected
2022-05-26 16:52:53 info: [0mPOST /api/v1/products [33m404[0m 5.854 ms - 155[0m
2022-05-26 16:52:53 info: 🚀 Database connected
2022-05-26 16:52:54 info: [0mPUT /api/v1/products/1 [33m404[0m 5.733 ms - 156[0m
2022-05-26 16:52:54 info: 🚀 Database connected
2022-05-26 16:52:54 info: [0mPUT /api/v1/products/1 [33m404[0m 5.184 ms - 156[0m
2022-05-26 16:52:54 info: 🚀 Database connected
2022-05-26 16:52:54 info: [0mDELETE /api/v1/products/1 [33m404[0m 4.101 ms - 159[0m
2022-05-26 16:52:54 info: 🚀 Database connected
2022-05-26 16:52:54 info: [0mDELETE /api/v1/products/1 [33m404[0m 5.922 ms - 159[0m
2022-05-26 16:52:55 info: [0mPOST /api/v1/auth/signup [33m404[0m 20.724 ms - 158[0m
2022-05-26 16:52:55 error: [POST] /api/v1/auth/login >> StatusCode:: 500, Message:: relation "users" does not exist
2022-05-26 16:52:55 info: [0mPOST /api/v1/auth/login [31m500[0m 183.690 ms - 47[0m
2022-05-26 16:52:55 info: 🚀 Database connected
2022-05-26 16:52:55 info: 🚀 Database connected
2022-05-26 16:52:56 info: [0mGET /api/v1/ [32m200[0m 6.767 ms - 251[0m
2022-05-26 16:52:56 info: [0mGET /api/v1/ [32m200[0m 1.660 ms - 251[0m
2022-05-26 16:52:56 info: 🚀 Database connected
2022-05-26 16:52:56 info: [0mGET /api/v1/ [32m200[0m 1.644 ms - 251[0m
2022-05-26 16:52:56 info: 🚀 Database connected
2022-05-26 16:52:56 info: 🚀 Database connected
2022-05-26 16:53:29 info: [0mGET /api/v1/products [33m404[0m 12.692 ms - 154[0m
2022-05-26 16:53:29 info: [0mGET /api/v1/products/1 [33m404[0m 3.630 ms - 156[0m
2022-05-26 16:53:30 info: 🚀 Database connected
2022-05-26 16:53:30 info: [0mPOST /api/v1/auth/signup [33m404[0m 33.283 ms - 158[0m
2022-05-26 16:53:30 info: [0mPOST /api/v1/products [33m404[0m 33.450 ms - 155[0m
2022-05-26 16:53:30 info: 🚀 Database connected
2022-05-26 16:53:30 info: 🚀 Database connected
2022-05-26 16:53:30 info: 🚀 Database connected
2022-05-26 16:53:30 info: [0mPOST /api/v1/products [33m404[0m 11.644 ms - 155[0m
2022-05-26 16:53:30 info: 🚀 Database connected
2022-05-26 16:53:30 info: [0mPUT /api/v1/products/1 [33m404[0m 1.379 ms - 156[0m
2022-05-26 16:53:30 info: 🚀 Database connected
2022-05-26 16:53:30 info: [0mPUT /api/v1/products/1 [33m404[0m 0.956 ms - 156[0m
2022-05-26 16:53:30 error: [POST] /api/v1/auth/login >> StatusCode:: 500, Message:: relation "users" does not exist
2022-05-26 16:53:30 info: 🚀 Database connected
2022-05-26 16:53:30 info: [0mPOST /api/v1/auth/login [31m500[0m 396.514 ms - 47[0m
2022-05-26 16:53:30 info: 🚀 Database connected
2022-05-26 16:53:30 info: [0mDELETE /api/v1/products/1 [33m404[0m 1.007 ms - 159[0m
2022-05-26 16:53:30 info: 🚀 Database connected
2022-05-26 16:53:30 info: [0mDELETE /api/v1/products/1 [33m404[0m 0.880 ms - 159[0m
2022-05-26 16:53:30 info: 🚀 Database connected
2022-05-26 16:57:09 info: [0mPOST /api/v1/auth/signup [33m404[0m 26.252 ms - 158[0m
2022-05-26 16:57:09 error: [POST] /api/v1/auth/login >> StatusCode:: 500, Message:: relation "users" does not exist
2022-05-26 16:57:09 info: [0mPOST /api/v1/auth/login [31m500[0m 162.431 ms - 47[0m
2022-05-26 16:57:09 info: 🚀 Database connected
2022-05-26 16:57:09 info: 🚀 Database connected
2022-05-26 16:57:41 info: [0mPOST /api/v1/auth/signup [33m404[0m 31.560 ms - 158[0m
2022-05-26 16:57:42 error: [POST] /api/v1/auth/login >> StatusCode:: 500, Message:: relation "users" does not exist
2022-05-26 16:57:42 info: [0mPOST /api/v1/auth/login [31m500[0m 181.596 ms - 47[0m
2022-05-26 16:57:42 info: 🚀 Database connected
2022-05-26 16:57:42 info: 🚀 Database connected
2022-05-26 16:58:12 info: [0mPOST /api/v1/auth/signup [33m404[0m 26.677 ms - 158[0m
2022-05-26 16:58:12 error: [POST] /api/v1/auth/login >> StatusCode:: 500, Message:: relation "users" does not exist
2022-05-26 16:58:12 info: [0mPOST /api/v1/auth/login [31m500[0m 181.379 ms - 47[0m
2022-05-26 16:58:12 info: 🚀 Database connected
2022-05-26 16:58:12 info: 🚀 Database connected
2022-05-26 16:58:45 info: [0mPOST /api/v1/auth/signup [33m404[0m 29.393 ms - 158[0m
2022-05-26 16:58:46 error: [POST] /api/v1/auth/login >> StatusCode:: 500, Message:: relation "users" does not exist
2022-05-26 16:58:46 info: [0mPOST /api/v1/auth/login [31m500[0m 340.037 ms - 47[0m
2022-05-26 16:58:46 info: 🚀 Database connected
2022-05-26 16:58:46 info: 🚀 Database connected
2022-05-26 16:59:06 info: [0mPOST /api/v1/auth/signup [33m404[0m 27.784 ms - 158[0m
2022-05-26 16:59:07 info: 🚀 Database connected
2022-05-26 16:59:07 error: [POST] /api/v1/auth/login >> StatusCode:: 500, Message:: relation "users" does not exist
2022-05-26 16:59:07 info: [0mPOST /api/v1/auth/login [31m500[0m 202.557 ms - 47[0m
2022-05-26 16:59:07 info: 🚀 Database connected
2022-05-26 16:59:43 info: [0mPOST /api/v1/auth/signup [33m404[0m 36.349 ms - 158[0m
2022-05-26 16:59:43 info: 🚀 Database connected
2022-05-26 16:59:43 info: 🚀 Database connected
2022-05-26 16:59:43 error: [POST] /api/v1/auth/login >> StatusCode:: 500, Message:: relation "users" does not exist
2022-05-26 16:59:43 info: [0mPOST /api/v1/auth/login [31m500[0m 264.700 ms - 47[0m
2022-05-26 17:01:20 info: [0mPOST /api/v1/auth/signup [33m404[0m 39.981 ms - 158[0m
2022-05-26 17:01:21 info: 🚀 Database connected
2022-05-26 17:01:21 error: [POST] /api/v1/auth/login >> StatusCode:: 500, Message:: relation "users" does not exist
2022-05-26 17:01:21 info: [0mPOST /api/v1/auth/login [31m500[0m 233.974 ms - 47[0m
2022-05-26 17:01:21 info: 🚀 Database connected
2022-05-26 17:01:45 info: [0mPOST /api/v1/auth/signup [33m404[0m 48.705 ms - 158[0m
2022-05-26 17:01:45 error: [POST] /api/v1/auth/login >> StatusCode:: 500, Message:: relation "users" does not exist
2022-05-26 17:01:45 info: [0mPOST /api/v1/auth/login [31m500[0m 280.230 ms - 47[0m
2022-05-26 17:01:46 info: 🚀 Database connected
2022-05-26 17:01:46 info: 🚀 Database connected
2022-05-26 17:01:46 info: 🚀 Database connected
2022-05-26 17:01:46 error: [GET] /api/v1/products >> StatusCode:: 500, Message:: relation "products" does not exist
2022-05-26 17:01:46 info: [0mGET /api/v1/products [31m500[0m 225.814 ms - 50[0m
2022-05-26 17:01:47 info: 🚀 Database connected
2022-05-26 17:01:47 info: [0mGET /api/v1/products/1 [33m404[0m 3.070 ms - 156[0m
2022-05-26 17:01:47 info: 🚀 Database connected
2022-05-26 17:01:47 error: [POST] /api/v1/products >> StatusCode:: 500, Message:: notNull Violation: Product.quantity cannot be null
2022-05-26 17:01:47 info: [0mPOST /api/v1/products [31m500[0m 25.526 ms - 64[0m
2022-05-26 17:01:47 info: 🚀 Database connected
2022-05-26 17:01:47 error: [POST] /api/v1/products >> StatusCode:: 500, Message:: notNull Violation: Product.quantity cannot be null
2022-05-26 17:01:47 info: [0mPOST /api/v1/products [31m500[0m 2.802 ms - 64[0m
2022-05-26 17:01:47 info: 🚀 Database connected
2022-05-26 17:01:47 error: [PUT] /api/v1/products/1 >> StatusCode:: 500, Message:: relation "products" does not exist
2022-05-26 17:01:47 info: [0mPUT /api/v1/products/1 [31m500[0m 48.180 ms - 50[0m
2022-05-26 17:01:47 info: 🚀 Database connected
2022-05-26 17:01:47 error: [PUT] /api/v1/products/1 >> StatusCode:: 500, Message:: relation "products" does not exist
2022-05-26 17:01:47 info: [0mPUT /api/v1/products/1 [31m500[0m 12.697 ms - 50[0m
2022-05-26 17:01:47 info: 🚀 Database connected
2022-05-26 17:01:47 error: [DELETE] /api/v1/products/1 >> StatusCode:: 500, Message:: relation "products" does not exist
2022-05-26 17:01:47 info: [0mDELETE /api/v1/products/1 [31m500[0m 14.462 ms - 50[0m
2022-05-26 17:01:47 info: 🚀 Database connected
2022-05-26 17:01:47 error: [DELETE] /api/v1/products/1 >> StatusCode:: 500, Message:: relation "products" does not exist
2022-05-26 17:01:47 info: [0mDELETE /api/v1/products/1 [31m500[0m 48.622 ms - 50[0m
