2022-05-25 08:32:46 info: [0mGET / [33m404[0m 26.907 ms - 139[0m
2022-05-25 08:32:46 info: [0mGET / [33m404[0m 2.534 ms - 139[0m
2022-05-25 08:37:41 info: =================================
2022-05-25 08:37:41 info: ======= ENV: development =======
2022-05-25 08:37:41 info: 🚀 App listening on the port 3000
2022-05-25 08:37:41 info: =================================
2022-05-25 08:38:03 info: =================================
2022-05-25 08:38:03 info: ======= ENV: development =======
2022-05-25 08:38:03 info: 🚀 App listening on the port 3000
2022-05-25 08:38:03 info: =================================
2022-05-25 08:38:32 info: [0mGET /api/v1/ [32m200[0m 30.727 ms - 251[0m
2022-05-25 08:38:53 info: [0mGET / [33m404[0m 9.083 ms - 139[0m
2022-05-25 08:38:53 info: [0mGET / [33m404[0m 1.804 ms - 139[0m
2022-05-25 08:40:11 info: [0mGET / [33m404[0m 17.132 ms - 139[0m
2022-05-25 08:40:11 info: [0mGET / [33m404[0m 4.020 ms - 139[0m
2022-05-25 08:41:13 info: [0mGET / [33m404[0m 12.265 ms - 139[0m
2022-05-25 08:41:13 info: [0mGET / [33m404[0m 5.264 ms - 139[0m
2022-05-25 08:43:05 info: [0mGET / [33m404[0m 11.984 ms - 139[0m
2022-05-25 08:43:05 info: [0mGET / [33m404[0m 6.537 ms - 139[0m
2022-05-25 08:49:41 info: =================================
2022-05-25 08:49:41 info: ======= ENV: development =======
2022-05-25 08:49:41 info: 🚀 App listening on the port 3000
2022-05-25 08:49:41 info: =================================
2022-05-25 08:49:41 info: 🚀 Database connected
2022-05-25 08:50:53 info: =================================
2022-05-25 08:50:53 info: ======= ENV: development =======
2022-05-25 08:50:53 info: 🚀 App listening on the port 3000
2022-05-25 08:50:53 info: =================================
2022-05-25 08:50:54 info: 🚀 Database connected
2022-05-25 08:51:29 info: =================================
2022-05-25 08:51:29 info: ======= ENV: development =======
2022-05-25 08:51:29 info: 🚀 App listening on the port 3000
2022-05-25 08:51:29 info: =================================
2022-05-25 08:51:29 info: 🚀 Database connected
2022-05-25 08:51:58 info: =================================
2022-05-25 08:51:58 info: ======= ENV: development =======
2022-05-25 08:51:58 info: 🚀 App listening on the port 3000
2022-05-25 08:51:58 info: =================================
2022-05-25 08:51:58 info: 🚀 Database connected
2022-05-25 08:52:09 info: =================================
2022-05-25 08:52:09 info: ======= ENV: development =======
2022-05-25 08:52:09 info: 🚀 App listening on the port 3000
2022-05-25 08:52:09 info: =================================
2022-05-25 08:52:09 info: 🚀 Database connected
2022-05-25 14:36:37 info: [0mGET / [33m404[0m 12.593 ms - 139[0m
2022-05-25 14:36:37 info: [0mGET / [33m404[0m 6.197 ms - 139[0m
2022-05-25 14:36:37 info: 🚀 Database connected
2022-05-25 14:36:37 info: 🚀 Database connected
2022-05-25 14:39:38 info: [0mGET / [33m404[0m 11.998 ms - 139[0m
2022-05-25 14:39:38 info: [0mGET / [33m404[0m 7.266 ms - 139[0m
2022-05-25 14:39:38 info: 🚀 Database connected
2022-05-25 14:39:38 info: 🚀 Database connected
2022-05-25 14:40:45 info: [0mGET / [33m404[0m 16.171 ms - 139[0m
2022-05-25 14:40:45 info: [0mGET / [33m404[0m 6.309 ms - 139[0m
2022-05-25 14:40:45 info: 🚀 Database connected
2022-05-25 14:40:45 info: 🚀 Database connected
2022-05-25 14:42:52 info: [0mGET /api/v1/ [32m200[0m 6.284 ms - 251[0m
2022-05-25 14:42:52 info: [0mGET / [33m404[0m 10.562 ms - 139[0m
2022-05-25 14:42:52 info: 🚀 Database connected
2022-05-25 14:42:52 info: 🚀 Database connected
2022-05-25 14:44:33 info: [0mGET /api/v1/ [32m200[0m 19.197 ms - 251[0m
2022-05-25 14:44:33 info: [0mGET /api/v1/ [32m200[0m 3.989 ms - 251[0m
2022-05-25 14:44:33 info: 🚀 Database connected
2022-05-25 14:44:33 info: 🚀 Database connected
2022-05-25 14:47:51 info: [0mGET /api/v1/ [32m200[0m 6.035 ms - 251[0m
2022-05-25 14:47:51 info: [0mGET /api/v1/ [32m200[0m 1.168 ms - 251[0m
2022-05-25 14:47:51 info: 🚀 Database connected
2022-05-25 14:47:51 info: [0mGET /api/v1/ [32m200[0m 0.884 ms - 251[0m
2022-05-25 14:47:51 info: 🚀 Database connected
2022-05-25 14:47:51 info: 🚀 Database connected
2022-05-25 15:15:04 info: =================================
2022-05-25 15:15:04 info: ======= ENV: development =======
2022-05-25 15:15:04 info: 🚀 App listening on the port 3000
2022-05-25 15:15:04 info: =================================
2022-05-25 15:15:04 info: 🚀 Database connected
2022-05-25 15:16:08 info: =================================
2022-05-25 15:16:08 info: ======= ENV: development =======
2022-05-25 15:16:08 info: 🚀 App listening on the port 3000
2022-05-25 15:16:08 info: =================================
2022-05-25 15:16:08 info: 🚀 Database connected
2022-05-25 15:17:31 info: =================================
2022-05-25 15:17:31 info: ======= ENV: development =======
2022-05-25 15:17:31 info: 🚀 App listening on the port 3000
2022-05-25 15:17:31 info: =================================
2022-05-25 15:17:31 info: 🚀 Database connected
2022-05-25 15:28:40 info: =================================
2022-05-25 15:28:40 info: ======= ENV: development =======
2022-05-25 15:28:40 info: 🚀 App listening on the port 3000
2022-05-25 15:28:40 info: =================================
2022-05-25 15:28:40 info: 🚀 Database connected
2022-05-25 15:29:03 info: =================================
2022-05-25 15:29:03 info: ======= ENV: development =======
2022-05-25 15:29:03 info: 🚀 App listening on the port 3000
2022-05-25 15:29:03 info: =================================
2022-05-25 15:29:03 info: 🚀 Database connected
2022-05-25 15:32:30 info: =================================
2022-05-25 15:32:30 info: ======= ENV: development =======
2022-05-25 15:32:30 info: 🚀 App listening on the port 3000
2022-05-25 15:32:30 info: =================================
2022-05-25 15:32:30 info: 🚀 Database connected
2022-05-25 15:35:07 info: =================================
2022-05-25 15:35:07 info: ======= ENV: development =======
2022-05-25 15:35:07 info: 🚀 App listening on the port 3000
2022-05-25 15:35:07 info: =================================
2022-05-25 15:35:07 info: 🚀 Database connected
2022-05-25 15:36:06 info: =================================
2022-05-25 15:36:06 info: ======= ENV: development =======
2022-05-25 15:36:06 info: 🚀 App listening on the port 3000
2022-05-25 15:36:06 info: =================================
2022-05-25 15:36:06 info: 🚀 Database connected
2022-05-25 15:40:30 info: =================================
2022-05-25 15:40:30 info: ======= ENV: development =======
2022-05-25 15:40:30 info: 🚀 App listening on the port 3000
2022-05-25 15:40:30 info: =================================
2022-05-25 15:40:30 info: 🚀 Database connected
2022-05-25 15:40:39 info: =================================
2022-05-25 15:40:39 info: ======= ENV: development =======
2022-05-25 15:40:39 info: 🚀 App listening on the port 3000
2022-05-25 15:40:39 info: =================================
2022-05-25 15:40:39 info: 🚀 Database connected
2022-05-25 15:42:33 info: =================================
2022-05-25 15:42:33 info: ======= ENV: development =======
2022-05-25 15:42:33 info: 🚀 App listening on the port 3000
2022-05-25 15:42:33 info: =================================
2022-05-25 15:42:33 info: 🚀 Database connected
2022-05-25 15:43:02 info: =================================
2022-05-25 15:43:02 info: ======= ENV: development =======
2022-05-25 15:43:02 info: 🚀 App listening on the port 3000
2022-05-25 15:43:02 info: =================================
2022-05-25 15:43:02 info: 🚀 Database connected
2022-05-25 15:43:30 info: =================================
2022-05-25 15:43:30 info: ======= ENV: development =======
2022-05-25 15:43:30 info: 🚀 App listening on the port 3000
2022-05-25 15:43:30 info: =================================
2022-05-25 15:43:30 info: 🚀 Database connected
2022-05-25 15:43:48 info: =================================
2022-05-25 15:43:48 info: ======= ENV: development =======
2022-05-25 15:43:48 info: 🚀 App listening on the port 3000
2022-05-25 15:43:48 info: =================================
2022-05-25 15:43:48 info: 🚀 Database connected
2022-05-25 15:45:09 info: =================================
2022-05-25 15:45:09 info: ======= ENV: development =======
2022-05-25 15:45:09 info: 🚀 App listening on the port 3000
2022-05-25 15:45:09 info: =================================
2022-05-25 15:45:09 info: 🚀 Database connected
2022-05-25 15:46:23 info: =================================
2022-05-25 15:46:23 info: ======= ENV: development =======
2022-05-25 15:46:23 info: 🚀 App listening on the port 3000
2022-05-25 15:46:23 info: =================================
2022-05-25 15:46:23 info: 🚀 Database connected
2022-05-25 15:48:38 info: =================================
2022-05-25 15:48:38 info: ======= ENV: development =======
2022-05-25 15:48:38 info: 🚀 App listening on the port 3000
2022-05-25 15:48:38 info: =================================
2022-05-25 15:48:38 info: 🚀 Database connected
2022-05-25 15:51:36 info: =================================
2022-05-25 15:51:36 info: ======= ENV: development =======
2022-05-25 15:51:36 info: 🚀 App listening on the port 3000
2022-05-25 15:51:36 info: =================================
2022-05-25 15:51:36 info: 🚀 Database connected
2022-05-25 15:51:55 info: =================================
2022-05-25 15:51:55 info: ======= ENV: development =======
2022-05-25 15:51:55 info: 🚀 App listening on the port 3000
2022-05-25 15:51:55 info: =================================
2022-05-25 15:51:55 info: 🚀 Database connected
2022-05-25 15:52:11 info: [0mGET /api/v1/ [32m200[0m 9.637 ms - 251[0m
2022-05-25 15:52:12 info: [0mGET /api/v1/ [32m200[0m 1.353 ms - 251[0m
2022-05-25 15:52:12 info: 🚀 Database connected
2022-05-25 15:52:12 info: [0mGET /api/v1/ [32m200[0m 0.699 ms - 251[0m
2022-05-25 15:52:12 info: 🚀 Database connected
2022-05-25 15:52:12 info: 🚀 Database connected
2022-05-25 16:05:22 info: [0mGET /api/v1/ [32m200[0m 66.343 ms - 251[0m
2022-05-25 16:05:22 info: [0mGET /api/v1/ [32m200[0m 1.611 ms - 251[0m
2022-05-25 16:05:22 info: 🚀 Database connected
2022-05-25 16:05:22 info: [0mGET /api/v1/ [32m200[0m 1.193 ms - 251[0m
2022-05-25 16:05:22 info: 🚀 Database connected
2022-05-25 16:05:22 info: 🚀 Database connected
2022-05-25 16:05:27 info: [0mPOST /api/v1/auth/signup [33m404[0m 43.805 ms - 158[0m
2022-05-25 16:05:27 info: 🚀 Database connected
2022-05-25 16:05:54 info: [0mPOST /api/v1/auth/signup [33m404[0m 30.952 ms - 158[0m
2022-05-25 16:05:55 info: [0mGET /api/v1/ [32m200[0m 7.694 ms - 251[0m
2022-05-25 16:05:55 info: 🚀 Database connected
2022-05-25 16:05:55 info: [0mGET /api/v1/ [32m200[0m 1.119 ms - 251[0m
2022-05-25 16:05:56 info: 🚀 Database connected
2022-05-25 16:05:56 info: [0mGET /api/v1/ [32m200[0m 0.850 ms - 251[0m
2022-05-25 16:05:56 info: 🚀 Database connected
2022-05-25 16:05:56 info: 🚀 Database connected
2022-05-25 16:07:25 info: [0mPOST /api/v1/auth/signup [33m404[0m 73.656 ms - 158[0m
2022-05-25 16:07:27 info: [0mGET /api/v1/ [32m200[0m 6.810 ms - 251[0m
2022-05-25 16:07:27 info: 🚀 Database connected
2022-05-25 16:07:27 info: [0mGET /api/v1/ [32m200[0m 1.579 ms - 251[0m
2022-05-25 16:07:28 info: 🚀 Database connected
2022-05-25 16:07:28 info: [0mGET /api/v1/ [32m200[0m 11.388 ms - 251[0m
2022-05-25 16:07:28 info: 🚀 Database connected
2022-05-25 16:07:28 info: 🚀 Database connected
2022-05-25 16:08:26 info: =================================
2022-05-25 16:08:26 info: ======= ENV: development =======
2022-05-25 16:08:26 info: 🚀 App listening on the port 3000
2022-05-25 16:08:26 info: =================================
2022-05-25 16:08:26 info: 🚀 Database connected
2022-05-25 16:13:34 info: =================================
2022-05-25 16:13:34 info: ======= ENV: development =======
2022-05-25 16:13:34 info: 🚀 App listening on the port 3000
2022-05-25 16:13:34 info: =================================
2022-05-25 16:13:34 info: 🚀 Database connected
2022-05-25 16:18:07 info: =================================
2022-05-25 16:18:07 info: ======= ENV: development =======
2022-05-25 16:18:07 info: 🚀 App listening on the port 3000
2022-05-25 16:18:07 info: =================================
2022-05-25 16:18:07 info: 🚀 Database connected
